<?xml version="1.0" encoding="UTF-8"?>
<!-- Generated by org.testng.reporters.JUnitXMLReporter -->
<testsuite hostname="Dimple-PC" name="Test" tests="4" failures="0" timestamp="9 Jan 2018 10:38:47 GMT" time="0.062" errors="0">
  <testcase name="@BeforeTest beforeTest" time="0.0" classname="myntraPom1.TestCaseForMyntraPom1">
    <failure type="java.lang.NullPointerException">
      <![CDATA[java.lang.NullPointerException
	at myntraPom1.LoginPage.login(LoginPage.java:8)
	at myntraPom1.TestCaseForMyntraPom1.beforeTest(TestCaseForMyntraPom1.java:24)
	at sun.reflect.NativeMethodAccessorImpl.invoke0(Native Method)
	at sun.reflect.NativeMethodAccessorImpl.invoke(NativeMethodAccessorImpl.java:62)
	at sun.reflect.DelegatingMethodAccessorImpl.invoke(DelegatingMethodAccessorImpl.java:43)
	at java.lang.reflect.Method.invoke(Method.java:498)
	at org.testng.internal.MethodInvocationHelper.invokeMethod(MethodInvocationHelper.java:86)
	at org.testng.internal.Invoker.invokeConfigurationMethod(Invoker.java:514)
	at org.testng.internal.Invoker.invokeConfigurations(Invoker.java:215)
	at org.testng.internal.Invoker.invokeConfigurations(Invoker.java:142)
	at org.testng.TestRunner.beforeRun(TestRunner.java:656)
	at org.testng.TestRunner.run(TestRunner.java:624)
	at org.testng.SuiteRunner.runTest(SuiteRunner.java:366)
	at org.testng.SuiteRunner.runSequentially(SuiteRunner.java:361)
	at org.testng.SuiteRunner.privateRun(SuiteRunner.java:319)
	at org.testng.SuiteRunner.run(SuiteRunner.java:268)
	at org.testng.SuiteRunnerWorker.runSuite(SuiteRunnerWorker.java:52)
	at org.testng.SuiteRunnerWorker.run(SuiteRunnerWorker.java:86)
	at org.testng.TestNG.runSuitesSequentially(TestNG.java:1244)
	at org.testng.TestNG.runSuitesLocally(TestNG.java:1169)
	at org.testng.TestNG.run(TestNG.java:1064)
	at org.testng.remote.AbstractRemoteTestNG.run(AbstractRemoteTestNG.java:114)
	at org.testng.remote.RemoteTestNG.initAndRun(RemoteTestNG.java:251)
	at org.testng.remote.RemoteTestNG.main(RemoteTestNG.java:77)
]]>
    </failure>
  </testcase> <!-- @BeforeTest beforeTest -->
  <testcase name="@AfterTest afterTest" time="0.0" classname="myntraPom1.TestCaseForMyntraPom1">
    <skipped/>
  </testcase> <!-- @AfterTest afterTest -->
  <testcase name="f" time="0.002" classname="myntraPom1.TestCaseForMyntraPom1">
    <skipped/>
  </testcase> <!-- f -->
  <testcase name="f2" time="0.001" classname="myntraPom1.TestCaseForMyntraPom1">
    <skipped/>
  </testcase> <!-- f2 -->
  <testcase name="f3" time="0.002" classname="myntraPom1.TestCaseForMyntraPom1">
    <skipped/>
  </testcase> <!-- f3 -->
  <testcase name="f4" time="0.002" classname="myntraPom1.TestCaseForMyntraPom1">
    <skipped/>
  </testcase> <!-- f4 -->
</testsuite> <!-- Test -->
